#
# Copyright 2016-2020 The Reaktivity Project
#
# The Reaktivity Project licenses this file to you under the Apache License,
# version 2.0 (the "License"); you may not use this file except in compliance
# with the License. You may obtain a copy of the License at:
#
#   http://www.apache.org/licenses/LICENSE-2.0
#
# Unless required by applicable law or agreed to in writing, software
# distributed under the License is distributed on an "AS IS" BASIS, WITHOUT
# WARRANTIES OR CONDITIONS OF ANY KIND, either express or implied. See the
# License for the specific language governing permissions and limitations
# under the License.
#

property serverTransport "nukleus://streams/target#0"

property assignedClientId "123e4567-e89b-42d3-a456-556642440000"

accept ${serverTransport}
  option nukleus:window 8192
  option nukleus:transmission "duplex"

accepted
connected

read  [0x10 0x10]                                      # CONNECT
      [0x00 0x04] "MQTT"                               # protocol name
      [0x05]                                           # protocol version
      [0x02]                                           # flags = clean start
      [0x00 0x3c]                                      # keep alive = 60s
      [0x00]                                           # properties = none
      [0x00 0x03] "one"                                # client id

write [0x20 0x2a]                                      # CONNACK
      [0x01]                                           # flags = session present
      [0x00]                                           # reason code
      [0x27]                                           # properties
      [0x12 0x00 0x24] ${assignedClientId}             # assigned clientId


write [0x30 0x2d]                                      # PUBLISH
      [0x00 0x09] "/sensors/1"                         # topic name
      [0x05]                                           # properties
      [0x0b 0x01]                                      # subscription id = 1
      [0x01 0x01]                                      # format = utf-8
      "message"                                        # payload
