#
# Copyright 2016-2020 The Reaktivity Project
#
# The Reaktivity Project licenses this file to you under the Apache License,
# version 2.0 (the "License"); you may not use this file except in compliance
# with the License. You may obtain a copy of the License at:
#
#   http://www.apache.org/licenses/LICENSE-2.0
#
# Unless required by applicable law or agreed to in writing, software
# distributed under the License is distributed on an "AS IS" BASIS, WITHOUT
# WARRANTIES OR CONDITIONS OF ANY KIND, either express or implied. See the
# License for the specific language governing permissions and limitations
# under the License.
#

property serverTransport "nukleus://streams/target#0"

accept ${serverTransport}
        option nukleus:window 8192
        option nukleus:transmission "duplex"

accepted

read nukleus:begin.ext ${mqtt:beginEx()
                             .typeId(nukleus:id("mqtt"))
                             .capabilities("SUBSCRIBE_ONLY")
                             .clientId("one")
                             .topic("$SYS/sessions/one/#")
                             .subscriptionId(0)
                             .build()}
connected

read advised nukleus:flush ${mqtt:flushEx()
                                 .typeId(nukleus:id("mqtt"))
                                 .flags("NO_LOCAL")
                                 .capabilities("PUBLISH_AND_SUBSCRIBE")
                                 .build()}

read nukleus:data.ext ${mqtt:dataEx()
                             .typeId(nukleus:id("mqtt"))
                             .topic("$SYS/sessions/one")
                             .format("TEXT")
                             .build()}
read '{"expiresAt":'/(?<expiresAt>\d+)/',"deliversAt":'/(?<deliversAt>\d+)/'}'
