#
# Copyright 2016-2020 The Reaktivity Project
#
# The Reaktivity Project licenses this file to you under the Apache License,
# version 2.0 (the "License"); you may not use this file except in compliance
# with the License. You may obtain a copy of the License at:
#
#   http://www.apache.org/licenses/LICENSE-2.0
#
# Unless required by applicable law or agreed to in writing, software
# distributed under the License is distributed on an "AS IS" BASIS, WITHOUT
# WARRANTIES OR CONDITIONS OF ANY KIND, either express or implied. See the
# License for the specific language governing permissions and limitations
# under the License.
#

property serverTransport "nukleus://streams/target#0"

accept ${serverTransport}
        option nukleus:window 8192
        option nukleus:transmission "duplex"

accepted

read nukleus:begin.ext ${mqtt:beginEx()
                             .typeId(nukleus:id("mqtt"))
                             .capabilities("PUBLISH_ONLY")
                             .clientId("755452d5-e2ef-4113-b9c6-2f53de96fd76")
                             .topic("/sensors/1")
                             .subscriptionId(0)
                             .build()}
connected

read nukleus:data.ext ${mqtt:dataEx()
                            .typeId(nukleus:id("mqtt"))
                            .topic("/sensors/1")
                            .flags("RETAIN")
                            .userProperty("row1", "1")
                            .userProperty("row1", "2")
                            .build()}

read "{\"id\":\"1\",\"unit\":\"CELSIUS\",\"value\":\"189\"}"

accepted

read nukleus:begin.ext ${mqtt:beginEx()
                             .typeId(nukleus:id("mqtt"))
                             .capabilities("SUBSCRIBE_ONLY")
                             .clientId("755452d5-e2ef-4113-b9c6-2f53de96fd76")
                             .topic("/control/1")
                             .flags("RETAIN")
                             .subscriptionId(1)
                             .build()}
connected
