#
# Copyright 2016-2020 The Reaktivity Project
#
# The Reaktivity Project licenses this file to you under the Apache License,
# version 2.0 (the "License"); you may not use this file except in compliance
# with the License. You may obtain a copy of the License at:
#
#   http://www.apache.org/licenses/LICENSE-2.0
#
# Unless required by applicable law or agreed to in writing, software
# distributed under the License is distributed on an "AS IS" BASIS, WITHOUT
# WARRANTIES OR CONDITIONS OF ANY KIND, either express or implied. See the
# License for the specific language governing permissions and limitations
# under the License.
#

property nukleiRG010101EN ${nuklei:directory("target/nukleus-itests").controlCapacity(1024, 1024)}

property controlRG010101EN ${nukleiRG010101EN.controlNew()}

connect "agrona://stream/bidirectional"
        option agrona:reader ${agrona:manyToOneReader(controlRG010101EN.nukleus)}
        option agrona:writer ${agrona:broadcastTransmitter(controlRG010101EN.controller)}

connected

read 0x00000001
read (long:correlationIdRG010101N)
read ${core:string("mqtt")}
read [0x01]
read [0..8] # authorization
read ${core:string("mqtt#0")}
read ${core:string("target#0")}
read ${mqtt:routeEx()
           .topic("sensor/one")
           .capabilities("SUBSCRIBE_ONLY")
           .build()}

write 0x40000001
write ${correlationIdRG010101N}
write ${nukleus:newClientRouteId("mqtt#0", "target#0")}
write flush

close
closed
